<?xml version="1.0" encoding="UTF-8"?>
<!-- Generated by org.testng.reporters.JUnitXMLReporter -->
<testsuite hostname="INPUL5CG7232C74" ignored="18" name="Test" tests="273" failures="6" timestamp="15 Nov 2018 15:40:39 GMT" time="4967.541" errors="0">
  <testcase name="SearchFunctionalitySite" time="97.692" classname="productSearch.SearchFunctionality"/>
  <testcase name="ProductSearchUKSite" time="33.715" classname="productSearch.ProductSearchUK"/>
  <testcase name="ProductSearchITSite" time="21.696" classname="productSearch.ProductSearchIT">
    <failure type="org.openqa.selenium.NoSuchElementException" message="no such element: Unable to locate element: {&amp;quot;method&amp;quot;:&amp;quot;id&amp;quot;,&amp;quot;selector&amp;quot;:&amp;quot;edit-search-api-views-fulltext&amp;quot;}
  (Session info: chrome=67.0.3396.87)
  (Driver info: chromedriver=2.41.578737 (49da6702b16031c40d63e5618de03a32ff6c197e),platform=Windows NT 10.0.16299 x86_64) (WARNING: The server did not provide any stacktrace information)
Command duration or timeout: 0 milliseconds
For documentation on this error, please visit: http://seleniumhq.org/exceptions/no_such_element.html
Build info: version: &amp;apos;3.14.0&amp;apos;, revision: &amp;apos;aacccce0&amp;apos;, time: &amp;apos;2018-08-02T20:13:22.693Z&amp;apos;
System info: host: &amp;apos;INPUL5CG7232C74&amp;apos;, ip: &amp;apos;192.168.0.101&amp;apos;, os.name: &amp;apos;Windows 10&amp;apos;, os.arch: &amp;apos;amd64&amp;apos;, os.version: &amp;apos;10.0&amp;apos;, java.version: &amp;apos;1.8.0_181&amp;apos;
Driver info: org.openqa.selenium.chrome.ChromeDriver
Capabilities {acceptInsecureCerts: false, acceptSslCerts: false, applicationCacheEnabled: false, browserConnectionEnabled: false, browserName: chrome, chrome: {chromedriverVersion: 2.41.578737 (49da6702b16031..., userDataDir: C:\Users\u955590\AppData\Lo...}, cssSelectorsEnabled: true, databaseEnabled: false, goog:chromeOptions: {debuggerAddress: localhost:51929}, handlesAlerts: true, hasTouchScreen: false, javascriptEnabled: true, locationContextEnabled: true, mobileEmulationEnabled: false, nativeEvents: true, networkConnectionEnabled: false, pageLoadStrategy: normal, platform: XP, platformName: XP, rotatable: false, setWindowRect: true, takesHeapSnapshot: true, takesScreenshot: true, unexpectedAlertBehaviour: , unhandledPromptBehavior: , version: 67.0.3396.87, webStorageEnabled: true}
Session ID: 0afd9dc03c71ed66ad473363e52f8a89
*** Element info: {Using=id, value=edit-search-api-views-fulltext}">
      <![CDATA[org.openqa.selenium.NoSuchElementException: no such element: Unable to locate element: {"method":"id","selector":"edit-search-api-views-fulltext"}
  (Session info: chrome=67.0.3396.87)
  (Driver info: chromedriver=2.41.578737 (49da6702b16031c40d63e5618de03a32ff6c197e),platform=Windows NT 10.0.16299 x86_64) (WARNING: The server did not provide any stacktrace information)
Command duration or timeout: 0 milliseconds
For documentation on this error, please visit: http://seleniumhq.org/exceptions/no_such_element.html
Build info: version: '3.14.0', revision: 'aacccce0', time: '2018-08-02T20:13:22.693Z'
System info: host: 'INPUL5CG7232C74', ip: '192.168.0.101', os.name: 'Windows 10', os.arch: 'amd64', os.version: '10.0', java.version: '1.8.0_181'
Driver info: org.openqa.selenium.chrome.ChromeDriver
Capabilities {acceptInsecureCerts: false, acceptSslCerts: false, applicationCacheEnabled: false, browserConnectionEnabled: false, browserName: chrome, chrome: {chromedriverVersion: 2.41.578737 (49da6702b16031..., userDataDir: C:\Users\u955590\AppData\Lo...}, cssSelectorsEnabled: true, databaseEnabled: false, goog:chromeOptions: {debuggerAddress: localhost:51929}, handlesAlerts: true, hasTouchScreen: false, javascriptEnabled: true, locationContextEnabled: true, mobileEmulationEnabled: false, nativeEvents: true, networkConnectionEnabled: false, pageLoadStrategy: normal, platform: XP, platformName: XP, rotatable: false, setWindowRect: true, takesHeapSnapshot: true, takesScreenshot: true, unexpectedAlertBehaviour: , unhandledPromptBehavior: , version: 67.0.3396.87, webStorageEnabled: true}
Session ID: 0afd9dc03c71ed66ad473363e52f8a89
*** Element info: {Using=id, value=edit-search-api-views-fulltext}
at org.openqa.selenium.remote.ErrorHandler.createThrowable(ErrorHandler.java:214)
at org.openqa.selenium.remote.ErrorHandler.throwIfResponseFailed(ErrorHandler.java:166)
at org.openqa.selenium.remote.http.JsonHttpResponseCodec.reconstructValue(JsonHttpResponseCodec.java:40)
at org.openqa.selenium.remote.http.AbstractHttpResponseCodec.decode(AbstractHttpResponseCodec.java:80)
at org.openqa.selenium.remote.http.AbstractHttpResponseCodec.decode(AbstractHttpResponseCodec.java:44)
at org.openqa.selenium.remote.HttpCommandExecutor.execute(HttpCommandExecutor.java:158)
at org.openqa.selenium.remote.service.DriverCommandExecutor.execute(DriverCommandExecutor.java:83)
at org.openqa.selenium.remote.RemoteWebDriver.execute(RemoteWebDriver.java:548)
at org.openqa.selenium.remote.RemoteWebDriver.findElement(RemoteWebDriver.java:322)
at org.openqa.selenium.remote.RemoteWebDriver.findElementById(RemoteWebDriver.java:368)
at org.openqa.selenium.By$ById.findElement(By.java:188)
at org.openqa.selenium.remote.RemoteWebDriver.findElement(RemoteWebDriver.java:314)
at productSearch.ProductSearchIT.ProductSearchITSite(ProductSearchIT.java:38)
... Removed 29 stack frames]]>
    </failure>
  </testcase> <!-- ProductSearchITSite -->
  <testcase name="ProductSearchRUSite" time="24.696" classname="productSearch.ProductSearchRU">
    <failure type="org.openqa.selenium.NoSuchElementException" message="no such element: Unable to locate element: {&amp;quot;method&amp;quot;:&amp;quot;id&amp;quot;,&amp;quot;selector&amp;quot;:&amp;quot;edit-search-api-views-fulltext&amp;quot;}
  (Session info: chrome=67.0.3396.87)
  (Driver info: chromedriver=2.41.578737 (49da6702b16031c40d63e5618de03a32ff6c197e),platform=Windows NT 10.0.16299 x86_64) (WARNING: The server did not provide any stacktrace information)
Command duration or timeout: 0 milliseconds
For documentation on this error, please visit: http://seleniumhq.org/exceptions/no_such_element.html
Build info: version: &amp;apos;3.14.0&amp;apos;, revision: &amp;apos;aacccce0&amp;apos;, time: &amp;apos;2018-08-02T20:13:22.693Z&amp;apos;
System info: host: &amp;apos;INPUL5CG7232C74&amp;apos;, ip: &amp;apos;192.168.0.101&amp;apos;, os.name: &amp;apos;Windows 10&amp;apos;, os.arch: &amp;apos;amd64&amp;apos;, os.version: &amp;apos;10.0&amp;apos;, java.version: &amp;apos;1.8.0_181&amp;apos;
Driver info: org.openqa.selenium.chrome.ChromeDriver
Capabilities {acceptInsecureCerts: false, acceptSslCerts: false, applicationCacheEnabled: false, browserConnectionEnabled: false, browserName: chrome, chrome: {chromedriverVersion: 2.41.578737 (49da6702b16031..., userDataDir: C:\Users\u955590\AppData\Lo...}, cssSelectorsEnabled: true, databaseEnabled: false, goog:chromeOptions: {debuggerAddress: localhost:51987}, handlesAlerts: true, hasTouchScreen: false, javascriptEnabled: true, locationContextEnabled: true, mobileEmulationEnabled: false, nativeEvents: true, networkConnectionEnabled: false, pageLoadStrategy: normal, platform: XP, platformName: XP, rotatable: false, setWindowRect: true, takesHeapSnapshot: true, takesScreenshot: true, unexpectedAlertBehaviour: , unhandledPromptBehavior: , version: 67.0.3396.87, webStorageEnabled: true}
Session ID: f857a12782d07daaad3b9d1404e86641
*** Element info: {Using=id, value=edit-search-api-views-fulltext}">
      <![CDATA[org.openqa.selenium.NoSuchElementException: no such element: Unable to locate element: {"method":"id","selector":"edit-search-api-views-fulltext"}
  (Session info: chrome=67.0.3396.87)
  (Driver info: chromedriver=2.41.578737 (49da6702b16031c40d63e5618de03a32ff6c197e),platform=Windows NT 10.0.16299 x86_64) (WARNING: The server did not provide any stacktrace information)
Command duration or timeout: 0 milliseconds
For documentation on this error, please visit: http://seleniumhq.org/exceptions/no_such_element.html
Build info: version: '3.14.0', revision: 'aacccce0', time: '2018-08-02T20:13:22.693Z'
System info: host: 'INPUL5CG7232C74', ip: '192.168.0.101', os.name: 'Windows 10', os.arch: 'amd64', os.version: '10.0', java.version: '1.8.0_181'
Driver info: org.openqa.selenium.chrome.ChromeDriver
Capabilities {acceptInsecureCerts: false, acceptSslCerts: false, applicationCacheEnabled: false, browserConnectionEnabled: false, browserName: chrome, chrome: {chromedriverVersion: 2.41.578737 (49da6702b16031..., userDataDir: C:\Users\u955590\AppData\Lo...}, cssSelectorsEnabled: true, databaseEnabled: false, goog:chromeOptions: {debuggerAddress: localhost:51987}, handlesAlerts: true, hasTouchScreen: false, javascriptEnabled: true, locationContextEnabled: true, mobileEmulationEnabled: false, nativeEvents: true, networkConnectionEnabled: false, pageLoadStrategy: normal, platform: XP, platformName: XP, rotatable: false, setWindowRect: true, takesHeapSnapshot: true, takesScreenshot: true, unexpectedAlertBehaviour: , unhandledPromptBehavior: , version: 67.0.3396.87, webStorageEnabled: true}
Session ID: f857a12782d07daaad3b9d1404e86641
*** Element info: {Using=id, value=edit-search-api-views-fulltext}
at org.openqa.selenium.remote.ErrorHandler.createThrowable(ErrorHandler.java:214)
at org.openqa.selenium.remote.ErrorHandler.throwIfResponseFailed(ErrorHandler.java:166)
at org.openqa.selenium.remote.http.JsonHttpResponseCodec.reconstructValue(JsonHttpResponseCodec.java:40)
at org.openqa.selenium.remote.http.AbstractHttpResponseCodec.decode(AbstractHttpResponseCodec.java:80)
at org.openqa.selenium.remote.http.AbstractHttpResponseCodec.decode(AbstractHttpResponseCodec.java:44)
at org.openqa.selenium.remote.HttpCommandExecutor.execute(HttpCommandExecutor.java:158)
at org.openqa.selenium.remote.service.DriverCommandExecutor.execute(DriverCommandExecutor.java:83)
at org.openqa.selenium.remote.RemoteWebDriver.execute(RemoteWebDriver.java:548)
at org.openqa.selenium.remote.RemoteWebDriver.findElement(RemoteWebDriver.java:322)
at org.openqa.selenium.remote.RemoteWebDriver.findElementById(RemoteWebDriver.java:368)
at org.openqa.selenium.By$ById.findElement(By.java:188)
at org.openqa.selenium.remote.RemoteWebDriver.findElement(RemoteWebDriver.java:314)
at productSearch.ProductSearchRU.ProductSearchRUSite(ProductSearchRU.java:39)
... Removed 29 stack frames]]>
    </failure>
  </testcase> <!-- ProductSearchRUSite -->
  <testcase name="ProductSearchDESite" time="34.692" classname="productSearch.ProductSearchDE"/>
  <testcase name="LanguageCheckSwitzerland" time="17.546" classname="siteNavigation.LanguageCheck"/>
  <testcase name="HomeLinkCheck" time="29.46" classname="siteNavigation.HomeLink">
    <failure type="org.openqa.selenium.NoSuchElementException" message="no such element: Unable to locate element: {&amp;quot;method&amp;quot;:&amp;quot;css selector&amp;quot;,&amp;quot;selector&amp;quot;:&amp;quot;.fa-home&amp;quot;}
  (Session info: chrome=67.0.3396.87)
  (Driver info: chromedriver=2.41.578737 (49da6702b16031c40d63e5618de03a32ff6c197e),platform=Windows NT 10.0.16299 x86_64) (WARNING: The server did not provide any stacktrace information)
Command duration or timeout: 0 milliseconds
For documentation on this error, please visit: http://seleniumhq.org/exceptions/no_such_element.html
Build info: version: &amp;apos;3.14.0&amp;apos;, revision: &amp;apos;aacccce0&amp;apos;, time: &amp;apos;2018-08-02T20:13:22.693Z&amp;apos;
System info: host: &amp;apos;INPUL5CG7232C74&amp;apos;, ip: &amp;apos;192.168.0.101&amp;apos;, os.name: &amp;apos;Windows 10&amp;apos;, os.arch: &amp;apos;amd64&amp;apos;, os.version: &amp;apos;10.0&amp;apos;, java.version: &amp;apos;1.8.0_181&amp;apos;
Driver info: org.openqa.selenium.chrome.ChromeDriver
Capabilities {acceptInsecureCerts: false, acceptSslCerts: false, applicationCacheEnabled: false, browserConnectionEnabled: false, browserName: chrome, chrome: {chromedriverVersion: 2.41.578737 (49da6702b16031..., userDataDir: C:\Users\u955590\AppData\Lo...}, cssSelectorsEnabled: true, databaseEnabled: false, goog:chromeOptions: {debuggerAddress: localhost:52275}, handlesAlerts: true, hasTouchScreen: false, javascriptEnabled: true, locationContextEnabled: true, mobileEmulationEnabled: false, nativeEvents: true, networkConnectionEnabled: false, pageLoadStrategy: normal, platform: XP, platformName: XP, rotatable: false, setWindowRect: true, takesHeapSnapshot: true, takesScreenshot: true, unexpectedAlertBehaviour: , unhandledPromptBehavior: , version: 67.0.3396.87, webStorageEnabled: true}
Session ID: afffa56cd8985a864dcc2572991f9e30
*** Element info: {Using=css selector, value=.fa-home}">
      <![CDATA[org.openqa.selenium.NoSuchElementException: no such element: Unable to locate element: {"method":"css selector","selector":".fa-home"}
  (Session info: chrome=67.0.3396.87)
  (Driver info: chromedriver=2.41.578737 (49da6702b16031c40d63e5618de03a32ff6c197e),platform=Windows NT 10.0.16299 x86_64) (WARNING: The server did not provide any stacktrace information)
Command duration or timeout: 0 milliseconds
For documentation on this error, please visit: http://seleniumhq.org/exceptions/no_such_element.html
Build info: version: '3.14.0', revision: 'aacccce0', time: '2018-08-02T20:13:22.693Z'
System info: host: 'INPUL5CG7232C74', ip: '192.168.0.101', os.name: 'Windows 10', os.arch: 'amd64', os.version: '10.0', java.version: '1.8.0_181'
Driver info: org.openqa.selenium.chrome.ChromeDriver
Capabilities {acceptInsecureCerts: false, acceptSslCerts: false, applicationCacheEnabled: false, browserConnectionEnabled: false, browserName: chrome, chrome: {chromedriverVersion: 2.41.578737 (49da6702b16031..., userDataDir: C:\Users\u955590\AppData\Lo...}, cssSelectorsEnabled: true, databaseEnabled: false, goog:chromeOptions: {debuggerAddress: localhost:52275}, handlesAlerts: true, hasTouchScreen: false, javascriptEnabled: true, locationContextEnabled: true, mobileEmulationEnabled: false, nativeEvents: true, networkConnectionEnabled: false, pageLoadStrategy: normal, platform: XP, platformName: XP, rotatable: false, setWindowRect: true, takesHeapSnapshot: true, takesScreenshot: true, unexpectedAlertBehaviour: , unhandledPromptBehavior: , version: 67.0.3396.87, webStorageEnabled: true}
Session ID: afffa56cd8985a864dcc2572991f9e30
*** Element info: {Using=css selector, value=.fa-home}
at org.openqa.selenium.remote.ErrorHandler.createThrowable(ErrorHandler.java:214)
at org.openqa.selenium.remote.ErrorHandler.throwIfResponseFailed(ErrorHandler.java:166)
at org.openqa.selenium.remote.http.JsonHttpResponseCodec.reconstructValue(JsonHttpResponseCodec.java:40)
at org.openqa.selenium.remote.http.AbstractHttpResponseCodec.decode(AbstractHttpResponseCodec.java:80)
at org.openqa.selenium.remote.http.AbstractHttpResponseCodec.decode(AbstractHttpResponseCodec.java:44)
at org.openqa.selenium.remote.HttpCommandExecutor.execute(HttpCommandExecutor.java:158)
at org.openqa.selenium.remote.service.DriverCommandExecutor.execute(DriverCommandExecutor.java:83)
at org.openqa.selenium.remote.RemoteWebDriver.execute(RemoteWebDriver.java:548)
at org.openqa.selenium.remote.RemoteWebDriver.findElement(RemoteWebDriver.java:322)
at org.openqa.selenium.remote.RemoteWebDriver.findElementByCssSelector(RemoteWebDriver.java:416)
at org.openqa.selenium.By$ByCssSelector.findElement(By.java:431)
at org.openqa.selenium.remote.RemoteWebDriver.findElement(RemoteWebDriver.java:314)
at siteNavigation.HomeLink.HomeLinkCheck(HomeLink.java:41)
... Removed 29 stack frames]]>
    </failure>
  </testcase> <!-- HomeLinkCheck -->
  <testcase name="HomeLinkCheck" time="13.822" classname="siteNavigation.HomeLink"/>
  <testcase name="HomeLinkCheck" time="13.557" classname="siteNavigation.HomeLink"/>
  <testcase name="HomeLinkCheck" time="13.047" classname="siteNavigation.HomeLink"/>
  <testcase name="HomeLinkCheck" time="10.765" classname="siteNavigation.HomeLink"/>
  <testcase name="HomeLinkCheck" time="10.782" classname="siteNavigation.HomeLink"/>
  <testcase name="HomeLinkCheck" time="22.681" classname="siteNavigation.HomeLink"/>
  <testcase name="HomeLinkCheck" time="26.136" classname="siteNavigation.HomeLink"/>
  <testcase name="HomeLinkCheck" time="8.99" classname="siteNavigation.HomeLink"/>
  <testcase name="HomeLinkCheck" time="8.289" classname="siteNavigation.HomeLink"/>
  <testcase name="HomeLinkCheck" time="19.933" classname="siteNavigation.HomeLink"/>
  <testcase name="HomeLinkCheck" time="21.808" classname="siteNavigation.HomeLink"/>
  <testcase name="HomeLinkCheck" time="10.485" classname="siteNavigation.HomeLink"/>
  <testcase name="HomeLinkCheck" time="14.346" classname="siteNavigation.HomeLink"/>
  <testcase name="HomeLinkCheck" time="9.713" classname="siteNavigation.HomeLink"/>
  <testcase name="HomeLinkCheck" time="9.711" classname="siteNavigation.HomeLink"/>
  <testcase name="HomeLinkCheck" time="16.753" classname="siteNavigation.HomeLink"/>
  <testcase name="HomeLinkCheck" time="12.848" classname="siteNavigation.HomeLink"/>
  <testcase name="HomeLinkCheck" time="25.803" classname="siteNavigation.HomeLink"/>
  <testcase name="HomeLinkCheck" time="20.027" classname="siteNavigation.HomeLink"/>
  <testcase name="HomeLinkCheck" time="24.981" classname="siteNavigation.HomeLink"/>
  <testcase name="HomeLinkCheck" time="20.577" classname="siteNavigation.HomeLink"/>
  <testcase name="HomeLinkCheck" time="10.308" classname="siteNavigation.HomeLink"/>
  <testcase name="HomeLinkCheck" time="15.226" classname="siteNavigation.HomeLink"/>
  <testcase name="HomeLinkCheck" time="18.91" classname="siteNavigation.HomeLink"/>
  <testcase name="HomeLinkCheck" time="8.013" classname="siteNavigation.HomeLink"/>
  <testcase name="HomeLinkCheck" time="9.016" classname="siteNavigation.HomeLink"/>
  <testcase name="HomeLinkCheck" time="10.383" classname="siteNavigation.HomeLink"/>
  <testcase name="HomeLinkCheck" time="23.127" classname="siteNavigation.HomeLink"/>
  <testcase name="HomeLinkCheck" time="9.334" classname="siteNavigation.HomeLink"/>
  <testcase name="HomeLinkCheck" time="13.331" classname="siteNavigation.HomeLink"/>
  <testcase name="HomeLinkCheck" time="9.454" classname="siteNavigation.HomeLink"/>
  <testcase name="HomeLinkCheck" time="12.387" classname="siteNavigation.HomeLink"/>
  <testcase name="HomeLinkCheck" time="13.578" classname="siteNavigation.HomeLink"/>
  <testcase name="HomeLinkCheck" time="14.075" classname="siteNavigation.HomeLink"/>
  <testcase name="HomeLinkCheck" time="10.297" classname="siteNavigation.HomeLink"/>
  <testcase name="HomeLinkCheck" time="11.265" classname="siteNavigation.HomeLink"/>
  <testcase name="HomeLinkCheck" time="20.68" classname="siteNavigation.HomeLink"/>
  <testcase name="HomeLinkCheck" time="17.615" classname="siteNavigation.HomeLink"/>
  <testcase name="HomeLinkCheck" time="12.6" classname="siteNavigation.HomeLink"/>
  <testcase name="HomeLinkCheck" time="9.363" classname="siteNavigation.HomeLink"/>
  <testcase name="HomeLinkCheck" time="8.263" classname="siteNavigation.HomeLink"/>
  <testcase name="HomeLinkCheck" time="19.736" classname="siteNavigation.HomeLink"/>
  <testcase name="HomeLinkCheck" time="9.91" classname="siteNavigation.HomeLink"/>
  <testcase name="HomeLinkCheck" time="10.243" classname="siteNavigation.HomeLink"/>
  <testcase name="HomeLinkCheck" time="14.206" classname="siteNavigation.HomeLink"/>
  <testcase name="HomeLinkCheck" time="20.716" classname="siteNavigation.HomeLink"/>
  <testcase name="HomeLinkCheck" time="8.727" classname="siteNavigation.HomeLink"/>
  <testcase name="HomeLinkCheck" time="12.172" classname="siteNavigation.HomeLink"/>
  <testcase name="HomeLinkCheck" time="16.749" classname="siteNavigation.HomeLink"/>
  <testcase name="HomeLinkCheck" time="16.483" classname="siteNavigation.HomeLink"/>
  <testcase name="HomeLinkCheck" time="15.127" classname="siteNavigation.HomeLink"/>
  <testcase name="HomeLinkCheck" time="11.944" classname="siteNavigation.HomeLink"/>
  <testcase name="HomeLinkCheck" time="24.412" classname="siteNavigation.HomeLink"/>
  <testcase name="HomeLinkCheck" time="11.104" classname="siteNavigation.HomeLink"/>
  <testcase name="HomeLinkCheck" time="23.809" classname="siteNavigation.HomeLink"/>
  <testcase name="HomeLinkCheck" time="13.091" classname="siteNavigation.HomeLink"/>
  <testcase name="HomeLinkCheck" time="13.597" classname="siteNavigation.HomeLink"/>
  <testcase name="HomeLinkCheck" time="20.998" classname="siteNavigation.HomeLink"/>
  <testcase name="HomeLinkCheck" time="15.692" classname="siteNavigation.HomeLink"/>
  <testcase name="HomeLinkCheck" time="31.044" classname="siteNavigation.HomeLink"/>
  <testcase name="HomeLinkCheck" time="25.544" classname="siteNavigation.HomeLink"/>
  <testcase name="HomeLinkCheck" time="11.277" classname="siteNavigation.HomeLink"/>
  <testcase name="HomeLinkCheck" time="53.761" classname="siteNavigation.HomeLink"/>
  <testcase name="HomeLinkCheck" time="13.804" classname="siteNavigation.HomeLink"/>
  <testcase name="HomeLinkCheck" time="25.794" classname="siteNavigation.HomeLink"/>
  <testcase name="HomeLinkCheck" time="17.91" classname="siteNavigation.HomeLink"/>
  <testcase name="HomeLinkCheck" time="17.398" classname="siteNavigation.HomeLink"/>
  <testcase name="HomeLinkCheck" time="28.45" classname="siteNavigation.HomeLink"/>
  <testcase name="HomeLinkCheck" time="26.525" classname="siteNavigation.HomeLink"/>
  <testcase name="HomeLinkCheck" time="24.866" classname="siteNavigation.HomeLink"/>
  <testcase name="HomeLinkCheck" time="13.918" classname="siteNavigation.HomeLink"/>
  <testcase name="HomeLinkCheck" time="17.919" classname="siteNavigation.HomeLink"/>
  <testcase name="HomeLinkCheck" time="34.149" classname="siteNavigation.HomeLink"/>
  <testcase name="HomeLinkCheck" time="24.467" classname="siteNavigation.HomeLink"/>
  <testcase name="HomeLinkCheck" time="9.672" classname="siteNavigation.HomeLink"/>
  <testcase name="HomeLinkCheck" time="14.655" classname="siteNavigation.HomeLink"/>
  <testcase name="HomeLinkCheck" time="20.273" classname="siteNavigation.HomeLink"/>
  <testcase name="HomeLinkCheck" time="19.372" classname="siteNavigation.HomeLink"/>
  <testcase name="HomeLinkCheck" time="20.981" classname="siteNavigation.HomeLink"/>
  <testcase name="HomeLinkCheck" time="13.328" classname="siteNavigation.HomeLink"/>
  <testcase name="HomeLinkCheck" time="16.392" classname="siteNavigation.HomeLink"/>
  <testcase name="siteHack" time="21.344" classname="excelData.TestRun"/>
  <testcase name="siteHack" time="21.101" classname="excelData.TestRun"/>
  <testcase name="siteHack" time="17.12" classname="excelData.TestRun"/>
  <testcase name="siteHack" time="17.611" classname="excelData.TestRun"/>
  <testcase name="siteHack" time="15.543" classname="excelData.TestRun"/>
  <testcase name="siteHack" time="21.042" classname="excelData.TestRun"/>
  <testcase name="siteHack" time="19.843" classname="excelData.TestRun"/>
  <testcase name="siteHack" time="12.311" classname="excelData.TestRun"/>
  <testcase name="siteHack" time="11.269" classname="excelData.TestRun"/>
  <testcase name="siteHack" time="20.34" classname="excelData.TestRun"/>
  <testcase name="siteHack" time="18.309" classname="excelData.TestRun"/>
  <testcase name="siteHack" time="12.724" classname="excelData.TestRun"/>
  <testcase name="siteHack" time="14.667" classname="excelData.TestRun"/>
  <testcase name="siteHack" time="17.052" classname="excelData.TestRun"/>
  <testcase name="siteHack" time="11.115" classname="excelData.TestRun"/>
  <testcase name="siteHack" time="19.123" classname="excelData.TestRun"/>
  <testcase name="siteHack" time="12.895" classname="excelData.TestRun"/>
  <testcase name="siteHack" time="20.682" classname="excelData.TestRun"/>
  <testcase name="siteHack" time="16.91" classname="excelData.TestRun"/>
  <testcase name="siteHack" time="19.697" classname="excelData.TestRun"/>
  <testcase name="siteHack" time="12.076" classname="excelData.TestRun"/>
  <testcase name="siteHack" time="10.261" classname="excelData.TestRun"/>
  <testcase name="siteHack" time="11.711" classname="excelData.TestRun"/>
  <testcase name="siteHack" time="12.257" classname="excelData.TestRun"/>
  <testcase name="siteHack" time="17.263" classname="excelData.TestRun"/>
  <testcase name="siteHack" time="13.079" classname="excelData.TestRun"/>
  <testcase name="siteHack" time="16.0" classname="excelData.TestRun"/>
  <testcase name="siteHack" time="30.711" classname="excelData.TestRun"/>
  <testcase name="siteHack" time="20.595" classname="excelData.TestRun"/>
  <testcase name="siteHack" time="16.177" classname="excelData.TestRun"/>
  <testcase name="siteHack" time="13.433" classname="excelData.TestRun"/>
  <testcase name="siteHack" time="15.034" classname="excelData.TestRun"/>
  <testcase name="siteHack" time="18.65" classname="excelData.TestRun"/>
  <testcase name="siteHack" time="17.729" classname="excelData.TestRun"/>
  <testcase name="siteHack" time="12.341" classname="excelData.TestRun"/>
  <testcase name="siteHack" time="15.369" classname="excelData.TestRun"/>
  <testcase name="siteHack" time="10.539" classname="excelData.TestRun"/>
  <testcase name="siteHack" time="17.238" classname="excelData.TestRun"/>
  <testcase name="siteHack" time="16.134" classname="excelData.TestRun"/>
  <testcase name="siteHack" time="14.806" classname="excelData.TestRun"/>
  <testcase name="siteHack" time="19.967" classname="excelData.TestRun"/>
  <testcase name="siteHack" time="20.001" classname="excelData.TestRun"/>
  <testcase name="siteHack" time="12.316" classname="excelData.TestRun"/>
  <testcase name="siteHack" time="13.381" classname="excelData.TestRun"/>
  <testcase name="siteHack" time="12.677" classname="excelData.TestRun"/>
  <testcase name="siteHack" time="14.284" classname="excelData.TestRun"/>
  <testcase name="siteHack" time="12.92" classname="excelData.TestRun"/>
  <testcase name="siteHack" time="12.229" classname="excelData.TestRun"/>
  <testcase name="siteHack" time="17.148" classname="excelData.TestRun"/>
  <testcase name="siteHack" time="16.967" classname="excelData.TestRun"/>
  <testcase name="siteHack" time="22.811" classname="excelData.TestRun"/>
  <testcase name="siteHack" time="13.284" classname="excelData.TestRun"/>
  <testcase name="siteHack" time="20.478" classname="excelData.TestRun"/>
  <testcase name="siteHack" time="13.784" classname="excelData.TestRun"/>
  <testcase name="siteHack" time="22.093" classname="excelData.TestRun"/>
  <testcase name="siteHack" time="12.985" classname="excelData.TestRun"/>
  <testcase name="siteHack" time="12.459" classname="excelData.TestRun"/>
  <testcase name="siteHack" time="22.847" classname="excelData.TestRun"/>
  <testcase name="siteHack" time="26.096" classname="excelData.TestRun"/>
  <testcase name="siteHack" time="19.246" classname="excelData.TestRun"/>
  <testcase name="siteHack" time="24.192" classname="excelData.TestRun"/>
  <testcase name="siteHack" time="24.443" classname="excelData.TestRun"/>
  <testcase name="siteHack" time="24.828" classname="excelData.TestRun"/>
  <testcase name="siteHack" time="26.518" classname="excelData.TestRun"/>
  <testcase name="siteHack" time="22.289" classname="excelData.TestRun"/>
  <testcase name="siteHack" time="26.065" classname="excelData.TestRun"/>
  <testcase name="siteHack" time="28.947" classname="excelData.TestRun"/>
  <testcase name="siteHack" time="17.639" classname="excelData.TestRun"/>
  <testcase name="siteHack" time="26.344" classname="excelData.TestRun"/>
  <testcase name="siteHack" time="16.403" classname="excelData.TestRun"/>
  <testcase name="siteHack" time="14.032" classname="excelData.TestRun"/>
  <testcase name="siteHack" time="19.507" classname="excelData.TestRun"/>
  <testcase name="siteHack" time="16.873" classname="excelData.TestRun"/>
  <testcase name="siteHack" time="14.394" classname="excelData.TestRun"/>
  <testcase name="siteHack" time="16.988" classname="excelData.TestRun"/>
  <testcase name="siteHack" time="10.999" classname="excelData.TestRun"/>
  <testcase name="siteHack" time="16.129" classname="excelData.TestRun"/>
  <testcase name="siteHack" time="15.082" classname="excelData.TestRun"/>
  <testcase name="siteHack" time="9.731" classname="excelData.TestRun"/>
  <testcase name="siteHack" time="25.15" classname="excelData.TestRun"/>
  <testcase name="siteHack" time="22.071" classname="excelData.TestRun"/>
  <testcase name="siteHack" time="12.168" classname="excelData.TestRun"/>
  <testcase name="siteHack" time="12.067" classname="excelData.TestRun"/>
  <testcase name="CheckWeather" time="10.957" classname="weatherWidget.CheckWeatherWidget"/>
  <testcase name="CheckWeather" time="11.008" classname="weatherWidget.CheckWeatherWidget"/>
  <testcase name="CheckWeather" time="13.038" classname="weatherWidget.CheckWeatherWidget"/>
  <testcase name="CheckWeather" time="10.503" classname="weatherWidget.CheckWeatherWidget"/>
  <testcase name="CheckWeather" time="9.623" classname="weatherWidget.CheckWeatherWidget"/>
  <testcase name="CheckWeather" time="12.484" classname="weatherWidget.CheckWeatherWidget"/>
  <testcase name="CheckWeather" time="12.774" classname="weatherWidget.CheckWeatherWidget"/>
  <testcase name="CheckWeather" time="9.728" classname="weatherWidget.CheckWeatherWidget"/>
  <testcase name="CheckWeather" time="11.744" classname="weatherWidget.CheckWeatherWidget"/>
  <testcase name="CheckWeather" time="9.102" classname="weatherWidget.CheckWeatherWidget"/>
  <testcase name="CheckWeather" time="9.655" classname="weatherWidget.CheckWeatherWidget"/>
  <testcase name="CheckWeather" time="8.852" classname="weatherWidget.CheckWeatherWidget"/>
  <testcase name="CheckWeather" time="15.602" classname="weatherWidget.CheckWeatherWidget"/>
  <testcase name="CheckWeather" time="18.535" classname="weatherWidget.CheckWeatherWidget"/>
  <testcase name="CheckWeather" time="12.628" classname="weatherWidget.CheckWeatherWidget"/>
  <testcase name="CheckWeather" time="18.339" classname="weatherWidget.CheckWeatherWidget"/>
  <testcase name="CheckWeather" time="21.281" classname="weatherWidget.CheckWeatherWidget"/>
  <testcase name="CheckWeather" time="20.797" classname="weatherWidget.CheckWeatherWidget"/>
  <testcase name="CheckWeather" time="17.059" classname="weatherWidget.CheckWeatherWidget"/>
  <testcase name="CheckWeather" time="9.391" classname="weatherWidget.CheckWeatherWidget"/>
  <testcase name="CheckWeather" time="21.117" classname="weatherWidget.CheckWeatherWidget"/>
  <testcase name="CheckWeather" time="14.55" classname="weatherWidget.CheckWeatherWidget"/>
  <testcase name="CheckWeather" time="12.152" classname="weatherWidget.CheckWeatherWidget"/>
  <testcase name="CheckWeather" time="30.995" classname="weatherWidget.CheckWeatherWidget"/>
  <testcase name="CheckWeather" time="10.237" classname="weatherWidget.CheckWeatherWidget"/>
  <testcase name="CheckWeather" time="12.894" classname="weatherWidget.CheckWeatherWidget"/>
  <testcase name="CheckWeather" time="17.366" classname="weatherWidget.CheckWeatherWidget"/>
  <testcase name="CheckWeather" time="12.297" classname="weatherWidget.CheckWeatherWidget"/>
  <testcase name="CheckWeather" time="13.222" classname="weatherWidget.CheckWeatherWidget"/>
  <testcase name="CheckWeather" time="16.051" classname="weatherWidget.CheckWeatherWidget"/>
  <testcase name="CheckWeather" time="12.309" classname="weatherWidget.CheckWeatherWidget"/>
  <testcase name="CheckWeather" time="13.837" classname="weatherWidget.CheckWeatherWidget"/>
  <testcase name="CheckWeather" time="9.493" classname="weatherWidget.CheckWeatherWidget"/>
  <testcase name="CheckWeather" time="18.97" classname="weatherWidget.CheckWeatherWidget"/>
  <testcase name="CheckWeather" time="14.484" classname="weatherWidget.CheckWeatherWidget"/>
  <testcase name="CheckWeather" time="10.017" classname="weatherWidget.CheckWeatherWidget"/>
  <testcase name="CheckWeather" time="11.868" classname="weatherWidget.CheckWeatherWidget"/>
  <testcase name="CheckWeather" time="10.688" classname="weatherWidget.CheckWeatherWidget"/>
  <testcase name="CheckWeather" time="15.543" classname="weatherWidget.CheckWeatherWidget"/>
  <testcase name="CheckWeather" time="12.069" classname="weatherWidget.CheckWeatherWidget"/>
  <testcase name="CheckWeather" time="10.87" classname="weatherWidget.CheckWeatherWidget"/>
  <testcase name="CheckWeather" time="8.553" classname="weatherWidget.CheckWeatherWidget"/>
  <testcase name="CheckWeather" time="15.734" classname="weatherWidget.CheckWeatherWidget"/>
  <testcase name="CheckWeather" time="11.512" classname="weatherWidget.CheckWeatherWidget"/>
  <testcase name="CheckWeather" time="16.853" classname="weatherWidget.CheckWeatherWidget"/>
  <testcase name="CheckWeather" time="9.251" classname="weatherWidget.CheckWeatherWidget"/>
  <testcase name="CheckWeather" time="17.26" classname="weatherWidget.CheckWeatherWidget"/>
  <testcase name="CheckWeather" time="24.218" classname="weatherWidget.CheckWeatherWidget"/>
  <testcase name="CheckWeather" time="24.8" classname="weatherWidget.CheckWeatherWidget"/>
  <testcase name="CheckWeather" time="18.84" classname="weatherWidget.CheckWeatherWidget"/>
  <testcase name="CheckWeather" time="20.317" classname="weatherWidget.CheckWeatherWidget"/>
  <testcase name="CheckWeather" time="20.287" classname="weatherWidget.CheckWeatherWidget"/>
  <testcase name="CheckWeather" time="24.707" classname="weatherWidget.CheckWeatherWidget"/>
  <testcase name="CheckWeather" time="21.955" classname="weatherWidget.CheckWeatherWidget"/>
  <testcase name="CheckWeather" time="22.614" classname="weatherWidget.CheckWeatherWidget"/>
  <testcase name="CheckWeather" time="17.507" classname="weatherWidget.CheckWeatherWidget"/>
  <testcase name="CheckWeather" time="20.542" classname="weatherWidget.CheckWeatherWidget"/>
  <testcase name="CheckWeather" time="17.026" classname="weatherWidget.CheckWeatherWidget"/>
  <testcase name="CheckWeather" time="15.108" classname="weatherWidget.CheckWeatherWidget"/>
  <testcase name="CheckWeather" time="15.897" classname="weatherWidget.CheckWeatherWidget"/>
  <testcase name="CheckWeather" time="13.212" classname="weatherWidget.CheckWeatherWidget"/>
  <testcase name="CheckWeather" time="11.675" classname="weatherWidget.CheckWeatherWidget"/>
  <testcase name="CheckWeather" time="13.14" classname="weatherWidget.CheckWeatherWidget"/>
  <testcase name="CheckWeather" time="11.98" classname="weatherWidget.CheckWeatherWidget"/>
  <testcase name="ProductCPBreadcrumb" time="23.671" classname="productSearch.ProductBreadcrumb"/>
  <testcase name="ProductCPBreadcrumb" time="25.597" classname="productSearch.ProductBreadcrumb"/>
  <testcase name="ProductCPBreadcrumb" time="26.29" classname="productSearch.ProductBreadcrumb"/>
  <testcase name="ProductCPBreadcrumb" time="35.098" classname="productSearch.ProductBreadcrumb"/>
  <testcase name="ProductCPBreadcrumb" time="29.18" classname="productSearch.ProductBreadcrumb"/>
  <testcase name="ProductCPBreadcrumb" time="23.896" classname="productSearch.ProductBreadcrumb"/>
  <testcase name="ProductCPBreadcrumb" time="31.563" classname="productSearch.ProductBreadcrumb"/>
  <testcase name="ProductCPBreadcrumb" time="29.823" classname="productSearch.ProductBreadcrumb"/>
  <testcase name="ProductCPBreadcrumb" time="29.56" classname="productSearch.ProductBreadcrumb"/>
  <testcase name="ProductCPBreadcrumb" time="20.019" classname="productSearch.ProductBreadcrumb"/>
  <testcase name="ProductCPBreadcrumb" time="23.865" classname="productSearch.ProductBreadcrumb"/>
  <testcase name="ProductCPBreadcrumb" time="28.305" classname="productSearch.ProductBreadcrumb"/>
  <testcase name="ProductCPBreadcrumb" time="39.437" classname="productSearch.ProductBreadcrumb"/>
  <testcase name="ProductCPBreadcrumb" time="17.415" classname="productSearch.ProductBreadcrumb"/>
  <testcase name="ProductCPBreadcrumb" time="18.558" classname="productSearch.ProductBreadcrumb"/>
  <testcase name="ProductCPBreadcrumb" time="20.184" classname="productSearch.ProductBreadcrumb"/>
  <testcase name="ProductCPBreadcrumb" time="20.717" classname="productSearch.ProductBreadcrumb"/>
  <testcase name="ProductCPBreadcrumb" time="24.014" classname="productSearch.ProductBreadcrumb"/>
  <testcase name="ProductCPBreadcrumb" time="31.635" classname="productSearch.ProductBreadcrumb"/>
  <testcase name="ProductCPBreadcrumb" time="21.394" classname="productSearch.ProductBreadcrumb"/>
  <testcase name="ProductCPBreadcrumb" time="26.997" classname="productSearch.ProductBreadcrumb"/>
  <testcase name="ProductCPBreadcrumb" time="16.615" classname="productSearch.ProductBreadcrumb"/>
  <testcase name="ProductCPBreadcrumb" time="20.288" classname="productSearch.ProductBreadcrumb"/>
  <testcase name="ProductCPBreadcrumb" time="18.504" classname="productSearch.ProductBreadcrumb"/>
  <testcase name="ProductCPBreadcrumb" time="29.146" classname="productSearch.ProductBreadcrumb">
    <failure type="org.openqa.selenium.NoSuchElementException" message="no such element: Unable to locate element: {&amp;quot;method&amp;quot;:&amp;quot;xpath&amp;quot;,&amp;quot;selector&amp;quot;:&amp;quot;//div[@class=&amp;apos;pane-title facets-processed&amp;apos;]&amp;quot;}
  (Session info: chrome=67.0.3396.87)
  (Driver info: chromedriver=2.41.578737 (49da6702b16031c40d63e5618de03a32ff6c197e),platform=Windows NT 10.0.16299 x86_64) (WARNING: The server did not provide any stacktrace information)
Command duration or timeout: 0 milliseconds
For documentation on this error, please visit: http://seleniumhq.org/exceptions/no_such_element.html
Build info: version: &amp;apos;3.14.0&amp;apos;, revision: &amp;apos;aacccce0&amp;apos;, time: &amp;apos;2018-08-02T20:13:22.693Z&amp;apos;
System info: host: &amp;apos;INPUL5CG7232C74&amp;apos;, ip: &amp;apos;192.168.0.101&amp;apos;, os.name: &amp;apos;Windows 10&amp;apos;, os.arch: &amp;apos;amd64&amp;apos;, os.version: &amp;apos;10.0&amp;apos;, java.version: &amp;apos;1.8.0_181&amp;apos;
Driver info: org.openqa.selenium.chrome.ChromeDriver
Capabilities {acceptInsecureCerts: false, acceptSslCerts: false, applicationCacheEnabled: false, browserConnectionEnabled: false, browserName: chrome, chrome: {chromedriverVersion: 2.41.578737 (49da6702b16031..., userDataDir: C:\Users\u955590\AppData\Lo...}, cssSelectorsEnabled: true, databaseEnabled: false, goog:chromeOptions: {debuggerAddress: localhost:50146}, handlesAlerts: true, hasTouchScreen: false, javascriptEnabled: true, locationContextEnabled: true, mobileEmulationEnabled: false, nativeEvents: true, networkConnectionEnabled: false, pageLoadStrategy: normal, platform: XP, platformName: XP, rotatable: false, setWindowRect: true, takesHeapSnapshot: true, takesScreenshot: true, unexpectedAlertBehaviour: , unhandledPromptBehavior: , version: 67.0.3396.87, webStorageEnabled: true}
Session ID: 2b579375160ff46640a6f84da85229a0
*** Element info: {Using=xpath, value=//div[@class=&amp;apos;pane-title facets-processed&amp;apos;]}">
      <![CDATA[org.openqa.selenium.NoSuchElementException: no such element: Unable to locate element: {"method":"xpath","selector":"//div[@class='pane-title facets-processed']"}
  (Session info: chrome=67.0.3396.87)
  (Driver info: chromedriver=2.41.578737 (49da6702b16031c40d63e5618de03a32ff6c197e),platform=Windows NT 10.0.16299 x86_64) (WARNING: The server did not provide any stacktrace information)
Command duration or timeout: 0 milliseconds
For documentation on this error, please visit: http://seleniumhq.org/exceptions/no_such_element.html
Build info: version: '3.14.0', revision: 'aacccce0', time: '2018-08-02T20:13:22.693Z'
System info: host: 'INPUL5CG7232C74', ip: '192.168.0.101', os.name: 'Windows 10', os.arch: 'amd64', os.version: '10.0', java.version: '1.8.0_181'
Driver info: org.openqa.selenium.chrome.ChromeDriver
Capabilities {acceptInsecureCerts: false, acceptSslCerts: false, applicationCacheEnabled: false, browserConnectionEnabled: false, browserName: chrome, chrome: {chromedriverVersion: 2.41.578737 (49da6702b16031..., userDataDir: C:\Users\u955590\AppData\Lo...}, cssSelectorsEnabled: true, databaseEnabled: false, goog:chromeOptions: {debuggerAddress: localhost:50146}, handlesAlerts: true, hasTouchScreen: false, javascriptEnabled: true, locationContextEnabled: true, mobileEmulationEnabled: false, nativeEvents: true, networkConnectionEnabled: false, pageLoadStrategy: normal, platform: XP, platformName: XP, rotatable: false, setWindowRect: true, takesHeapSnapshot: true, takesScreenshot: true, unexpectedAlertBehaviour: , unhandledPromptBehavior: , version: 67.0.3396.87, webStorageEnabled: true}
Session ID: 2b579375160ff46640a6f84da85229a0
*** Element info: {Using=xpath, value=//div[@class='pane-title facets-processed']}
at org.openqa.selenium.remote.ErrorHandler.createThrowable(ErrorHandler.java:214)
at org.openqa.selenium.remote.ErrorHandler.throwIfResponseFailed(ErrorHandler.java:166)
at org.openqa.selenium.remote.http.JsonHttpResponseCodec.reconstructValue(JsonHttpResponseCodec.java:40)
at org.openqa.selenium.remote.http.AbstractHttpResponseCodec.decode(AbstractHttpResponseCodec.java:80)
at org.openqa.selenium.remote.http.AbstractHttpResponseCodec.decode(AbstractHttpResponseCodec.java:44)
at org.openqa.selenium.remote.HttpCommandExecutor.execute(HttpCommandExecutor.java:158)
at org.openqa.selenium.remote.service.DriverCommandExecutor.execute(DriverCommandExecutor.java:83)
at org.openqa.selenium.remote.RemoteWebDriver.execute(RemoteWebDriver.java:548)
at org.openqa.selenium.remote.RemoteWebDriver.findElement(RemoteWebDriver.java:322)
at org.openqa.selenium.remote.RemoteWebDriver.findElementByXPath(RemoteWebDriver.java:424)
at org.openqa.selenium.By$ByXPath.findElement(By.java:353)
at org.openqa.selenium.remote.RemoteWebDriver.findElement(RemoteWebDriver.java:314)
at productSearch.ProductBreadcrumb.ProductCPBreadcrumb(ProductBreadcrumb.java:32)
... Removed 28 stack frames]]>
    </failure>
  </testcase> <!-- ProductCPBreadcrumb -->
  <testcase name="ProductCPBreadcrumb" time="20.707" classname="productSearch.ProductBreadcrumb"/>
  <testcase name="ProductCPBreadcrumb" time="21.209" classname="productSearch.ProductBreadcrumb"/>
  <testcase name="ProductCPBreadcrumb" time="30.994" classname="productSearch.ProductBreadcrumb">
    <failure type="org.openqa.selenium.NoSuchElementException" message="no such element: Unable to locate element: {&amp;quot;method&amp;quot;:&amp;quot;xpath&amp;quot;,&amp;quot;selector&amp;quot;:&amp;quot;//div[@class=&amp;apos;pane-title facets-processed&amp;apos;]&amp;quot;}
  (Session info: chrome=67.0.3396.87)
  (Driver info: chromedriver=2.41.578737 (49da6702b16031c40d63e5618de03a32ff6c197e),platform=Windows NT 10.0.16299 x86_64) (WARNING: The server did not provide any stacktrace information)
Command duration or timeout: 0 milliseconds
For documentation on this error, please visit: http://seleniumhq.org/exceptions/no_such_element.html
Build info: version: &amp;apos;3.14.0&amp;apos;, revision: &amp;apos;aacccce0&amp;apos;, time: &amp;apos;2018-08-02T20:13:22.693Z&amp;apos;
System info: host: &amp;apos;INPUL5CG7232C74&amp;apos;, ip: &amp;apos;192.168.0.101&amp;apos;, os.name: &amp;apos;Windows 10&amp;apos;, os.arch: &amp;apos;amd64&amp;apos;, os.version: &amp;apos;10.0&amp;apos;, java.version: &amp;apos;1.8.0_181&amp;apos;
Driver info: org.openqa.selenium.chrome.ChromeDriver
Capabilities {acceptInsecureCerts: false, acceptSslCerts: false, applicationCacheEnabled: false, browserConnectionEnabled: false, browserName: chrome, chrome: {chromedriverVersion: 2.41.578737 (49da6702b16031..., userDataDir: C:\Users\u955590\AppData\Lo...}, cssSelectorsEnabled: true, databaseEnabled: false, goog:chromeOptions: {debuggerAddress: localhost:50270}, handlesAlerts: true, hasTouchScreen: false, javascriptEnabled: true, locationContextEnabled: true, mobileEmulationEnabled: false, nativeEvents: true, networkConnectionEnabled: false, pageLoadStrategy: normal, platform: XP, platformName: XP, rotatable: false, setWindowRect: true, takesHeapSnapshot: true, takesScreenshot: true, unexpectedAlertBehaviour: , unhandledPromptBehavior: , version: 67.0.3396.87, webStorageEnabled: true}
Session ID: acfa47d2f9a8d2fe195da2185d6e7e81
*** Element info: {Using=xpath, value=//div[@class=&amp;apos;pane-title facets-processed&amp;apos;]}">
      <![CDATA[org.openqa.selenium.NoSuchElementException: no such element: Unable to locate element: {"method":"xpath","selector":"//div[@class='pane-title facets-processed']"}
  (Session info: chrome=67.0.3396.87)
  (Driver info: chromedriver=2.41.578737 (49da6702b16031c40d63e5618de03a32ff6c197e),platform=Windows NT 10.0.16299 x86_64) (WARNING: The server did not provide any stacktrace information)
Command duration or timeout: 0 milliseconds
For documentation on this error, please visit: http://seleniumhq.org/exceptions/no_such_element.html
Build info: version: '3.14.0', revision: 'aacccce0', time: '2018-08-02T20:13:22.693Z'
System info: host: 'INPUL5CG7232C74', ip: '192.168.0.101', os.name: 'Windows 10', os.arch: 'amd64', os.version: '10.0', java.version: '1.8.0_181'
Driver info: org.openqa.selenium.chrome.ChromeDriver
Capabilities {acceptInsecureCerts: false, acceptSslCerts: false, applicationCacheEnabled: false, browserConnectionEnabled: false, browserName: chrome, chrome: {chromedriverVersion: 2.41.578737 (49da6702b16031..., userDataDir: C:\Users\u955590\AppData\Lo...}, cssSelectorsEnabled: true, databaseEnabled: false, goog:chromeOptions: {debuggerAddress: localhost:50270}, handlesAlerts: true, hasTouchScreen: false, javascriptEnabled: true, locationContextEnabled: true, mobileEmulationEnabled: false, nativeEvents: true, networkConnectionEnabled: false, pageLoadStrategy: normal, platform: XP, platformName: XP, rotatable: false, setWindowRect: true, takesHeapSnapshot: true, takesScreenshot: true, unexpectedAlertBehaviour: , unhandledPromptBehavior: , version: 67.0.3396.87, webStorageEnabled: true}
Session ID: acfa47d2f9a8d2fe195da2185d6e7e81
*** Element info: {Using=xpath, value=//div[@class='pane-title facets-processed']}
at org.openqa.selenium.remote.ErrorHandler.createThrowable(ErrorHandler.java:214)
at org.openqa.selenium.remote.ErrorHandler.throwIfResponseFailed(ErrorHandler.java:166)
at org.openqa.selenium.remote.http.JsonHttpResponseCodec.reconstructValue(JsonHttpResponseCodec.java:40)
at org.openqa.selenium.remote.http.AbstractHttpResponseCodec.decode(AbstractHttpResponseCodec.java:80)
at org.openqa.selenium.remote.http.AbstractHttpResponseCodec.decode(AbstractHttpResponseCodec.java:44)
at org.openqa.selenium.remote.HttpCommandExecutor.execute(HttpCommandExecutor.java:158)
at org.openqa.selenium.remote.service.DriverCommandExecutor.execute(DriverCommandExecutor.java:83)
at org.openqa.selenium.remote.RemoteWebDriver.execute(RemoteWebDriver.java:548)
at org.openqa.selenium.remote.RemoteWebDriver.findElement(RemoteWebDriver.java:322)
at org.openqa.selenium.remote.RemoteWebDriver.findElementByXPath(RemoteWebDriver.java:424)
at org.openqa.selenium.By$ByXPath.findElement(By.java:353)
at org.openqa.selenium.remote.RemoteWebDriver.findElement(RemoteWebDriver.java:314)
at productSearch.ProductBreadcrumb.ProductCPBreadcrumb(ProductBreadcrumb.java:32)
... Removed 28 stack frames]]>
    </failure>
  </testcase> <!-- ProductCPBreadcrumb -->
  <testcase name="ProductCPBreadcrumb" time="16.978" classname="productSearch.ProductBreadcrumb"/>
  <testcase name="ProductCPBreadcrumb" time="30.217" classname="productSearch.ProductBreadcrumb"/>
  <testcase name="ProductCPBreadcrumb" time="27.506" classname="productSearch.ProductBreadcrumb"/>
  <testcase name="ProductCPBreadcrumb" time="33.935" classname="productSearch.ProductBreadcrumb"/>
  <testcase name="ProductCPBreadcrumb" time="23.003" classname="productSearch.ProductBreadcrumb"/>
  <testcase name="ProductCPBreadcrumb" time="24.278" classname="productSearch.ProductBreadcrumb"/>
  <testcase name="ProductCPBreadcrumb" time="18.766" classname="productSearch.ProductBreadcrumb"/>
  <testcase name="ProductCPBreadcrumb" time="32.846" classname="productSearch.ProductBreadcrumb">
    <failure type="org.openqa.selenium.NoSuchElementException" message="no such element: Unable to locate element: {&amp;quot;method&amp;quot;:&amp;quot;xpath&amp;quot;,&amp;quot;selector&amp;quot;:&amp;quot;//div[@class=&amp;apos;pane-title facets-processed&amp;apos;]&amp;quot;}
  (Session info: chrome=67.0.3396.87)
  (Driver info: chromedriver=2.41.578737 (49da6702b16031c40d63e5618de03a32ff6c197e),platform=Windows NT 10.0.16299 x86_64) (WARNING: The server did not provide any stacktrace information)
Command duration or timeout: 0 milliseconds
For documentation on this error, please visit: http://seleniumhq.org/exceptions/no_such_element.html
Build info: version: &amp;apos;3.14.0&amp;apos;, revision: &amp;apos;aacccce0&amp;apos;, time: &amp;apos;2018-08-02T20:13:22.693Z&amp;apos;
System info: host: &amp;apos;INPUL5CG7232C74&amp;apos;, ip: &amp;apos;192.168.0.101&amp;apos;, os.name: &amp;apos;Windows 10&amp;apos;, os.arch: &amp;apos;amd64&amp;apos;, os.version: &amp;apos;10.0&amp;apos;, java.version: &amp;apos;1.8.0_181&amp;apos;
Driver info: org.openqa.selenium.chrome.ChromeDriver
Capabilities {acceptInsecureCerts: false, acceptSslCerts: false, applicationCacheEnabled: false, browserConnectionEnabled: false, browserName: chrome, chrome: {chromedriverVersion: 2.41.578737 (49da6702b16031..., userDataDir: C:\Users\u955590\AppData\Lo...}, cssSelectorsEnabled: true, databaseEnabled: false, goog:chromeOptions: {debuggerAddress: localhost:50674}, handlesAlerts: true, hasTouchScreen: false, javascriptEnabled: true, locationContextEnabled: true, mobileEmulationEnabled: false, nativeEvents: true, networkConnectionEnabled: false, pageLoadStrategy: normal, platform: XP, platformName: XP, rotatable: false, setWindowRect: true, takesHeapSnapshot: true, takesScreenshot: true, unexpectedAlertBehaviour: , unhandledPromptBehavior: , version: 67.0.3396.87, webStorageEnabled: true}
Session ID: e0852722bdcd3b625045e04a9bb362a4
*** Element info: {Using=xpath, value=//div[@class=&amp;apos;pane-title facets-processed&amp;apos;]}">
      <![CDATA[org.openqa.selenium.NoSuchElementException: no such element: Unable to locate element: {"method":"xpath","selector":"//div[@class='pane-title facets-processed']"}
  (Session info: chrome=67.0.3396.87)
  (Driver info: chromedriver=2.41.578737 (49da6702b16031c40d63e5618de03a32ff6c197e),platform=Windows NT 10.0.16299 x86_64) (WARNING: The server did not provide any stacktrace information)
Command duration or timeout: 0 milliseconds
For documentation on this error, please visit: http://seleniumhq.org/exceptions/no_such_element.html
Build info: version: '3.14.0', revision: 'aacccce0', time: '2018-08-02T20:13:22.693Z'
System info: host: 'INPUL5CG7232C74', ip: '192.168.0.101', os.name: 'Windows 10', os.arch: 'amd64', os.version: '10.0', java.version: '1.8.0_181'
Driver info: org.openqa.selenium.chrome.ChromeDriver
Capabilities {acceptInsecureCerts: false, acceptSslCerts: false, applicationCacheEnabled: false, browserConnectionEnabled: false, browserName: chrome, chrome: {chromedriverVersion: 2.41.578737 (49da6702b16031..., userDataDir: C:\Users\u955590\AppData\Lo...}, cssSelectorsEnabled: true, databaseEnabled: false, goog:chromeOptions: {debuggerAddress: localhost:50674}, handlesAlerts: true, hasTouchScreen: false, javascriptEnabled: true, locationContextEnabled: true, mobileEmulationEnabled: false, nativeEvents: true, networkConnectionEnabled: false, pageLoadStrategy: normal, platform: XP, platformName: XP, rotatable: false, setWindowRect: true, takesHeapSnapshot: true, takesScreenshot: true, unexpectedAlertBehaviour: , unhandledPromptBehavior: , version: 67.0.3396.87, webStorageEnabled: true}
Session ID: e0852722bdcd3b625045e04a9bb362a4
*** Element info: {Using=xpath, value=//div[@class='pane-title facets-processed']}
at org.openqa.selenium.remote.ErrorHandler.createThrowable(ErrorHandler.java:214)
at org.openqa.selenium.remote.ErrorHandler.throwIfResponseFailed(ErrorHandler.java:166)
at org.openqa.selenium.remote.http.JsonHttpResponseCodec.reconstructValue(JsonHttpResponseCodec.java:40)
at org.openqa.selenium.remote.http.AbstractHttpResponseCodec.decode(AbstractHttpResponseCodec.java:80)
at org.openqa.selenium.remote.http.AbstractHttpResponseCodec.decode(AbstractHttpResponseCodec.java:44)
at org.openqa.selenium.remote.HttpCommandExecutor.execute(HttpCommandExecutor.java:158)
at org.openqa.selenium.remote.service.DriverCommandExecutor.execute(DriverCommandExecutor.java:83)
at org.openqa.selenium.remote.RemoteWebDriver.execute(RemoteWebDriver.java:548)
at org.openqa.selenium.remote.RemoteWebDriver.findElement(RemoteWebDriver.java:322)
at org.openqa.selenium.remote.RemoteWebDriver.findElementByXPath(RemoteWebDriver.java:424)
at org.openqa.selenium.By$ByXPath.findElement(By.java:353)
at org.openqa.selenium.remote.RemoteWebDriver.findElement(RemoteWebDriver.java:314)
at productSearch.ProductBreadcrumb.ProductCPBreadcrumb(ProductBreadcrumb.java:32)
... Removed 28 stack frames]]>
    </failure>
  </testcase> <!-- ProductCPBreadcrumb -->
  <testcase name="ProductCPBreadcrumb" time="29.551" classname="productSearch.ProductBreadcrumb"/>
  <testcase name="ProductCPBreadcrumb" time="21.7" classname="productSearch.ProductBreadcrumb"/>
  <testcase name="@AfterSuite tearDown" time="0.0" classname="library.BaseClass">
    <ignored/>
  </testcase> <!-- @AfterSuite tearDown -->
  <testcase name="@AfterSuite tearDown" time="0.0" classname="library.BaseClass">
    <ignored/>
  </testcase> <!-- @AfterSuite tearDown -->
  <testcase name="@AfterSuite tearDown" time="0.0" classname="library.BaseClass">
    <ignored/>
  </testcase> <!-- @AfterSuite tearDown -->
  <testcase name="@AfterSuite tearDown" time="0.0" classname="library.BaseClass">
    <ignored/>
  </testcase> <!-- @AfterSuite tearDown -->
  <testcase name="@AfterSuite tearDown" time="0.0" classname="library.BaseClass">
    <ignored/>
  </testcase> <!-- @AfterSuite tearDown -->
  <testcase name="@AfterSuite tearDown" time="0.0" classname="library.BaseClass">
    <ignored/>
  </testcase> <!-- @AfterSuite tearDown -->
  <testcase name="@AfterSuite tearDown" time="0.0" classname="library.BaseClass">
    <ignored/>
  </testcase> <!-- @AfterSuite tearDown -->
  <testcase name="@AfterSuite tearDown" time="0.0" classname="library.BaseClass">
    <ignored/>
  </testcase> <!-- @AfterSuite tearDown -->
  <testcase name="@AfterSuite tearDown" time="0.0" classname="library.BaseClass">
    <ignored/>
  </testcase> <!-- @AfterSuite tearDown -->
  <testcase name="@BeforeSuite setUp" time="0.0" classname="library.BaseClass">
    <ignored/>
  </testcase> <!-- @BeforeSuite setUp -->
  <testcase name="@BeforeSuite setUp" time="0.0" classname="library.BaseClass">
    <ignored/>
  </testcase> <!-- @BeforeSuite setUp -->
  <testcase name="@BeforeSuite setUp" time="0.0" classname="library.BaseClass">
    <ignored/>
  </testcase> <!-- @BeforeSuite setUp -->
  <testcase name="@BeforeSuite setUp" time="0.0" classname="library.BaseClass">
    <ignored/>
  </testcase> <!-- @BeforeSuite setUp -->
  <testcase name="@BeforeSuite setUp" time="0.0" classname="library.BaseClass">
    <ignored/>
  </testcase> <!-- @BeforeSuite setUp -->
  <testcase name="@BeforeSuite setUp" time="0.0" classname="library.BaseClass">
    <ignored/>
  </testcase> <!-- @BeforeSuite setUp -->
  <testcase name="@BeforeSuite setUp" time="0.0" classname="library.BaseClass">
    <ignored/>
  </testcase> <!-- @BeforeSuite setUp -->
  <testcase name="@BeforeSuite setUp" time="0.0" classname="library.BaseClass">
    <ignored/>
  </testcase> <!-- @BeforeSuite setUp -->
  <testcase name="@BeforeSuite setUp" time="0.0" classname="library.BaseClass">
    <ignored/>
  </testcase> <!-- @BeforeSuite setUp -->
</testsuite> <!-- Test -->
