<?xml version="1.0" encoding="UTF-8"?>
<testng-results skipped="0" failed="0" ignored="0" total="1" passed="1">
  <reporter-output>
  </reporter-output>
  <suite name="Default suite" duration-ms="20975" started-at="2019-12-12T10:23:38Z" finished-at="2019-12-12T10:23:59Z">
    <groups>
      <group name="Smoke">
        <method signature="ProductSearchDE.ProductSearchDESite()[pri:0, instance:productSearch.ProductSearchDE@63440df3]" name="ProductSearchDESite" class="productSearch.ProductSearchDE"/>
      </group> <!-- Smoke -->
    </groups>
    <test name="Default test" duration-ms="20975" started-at="2019-12-12T10:23:38Z" finished-at="2019-12-12T10:23:59Z">
      <class name="productSearch.ProductSearchDE">
        <test-method status="PASS" signature="setUp()[pri:0, instance:productSearch.ProductSearchDE@63440df3]" name="setUp" is-config="true" duration-ms="357" started-at="2019-12-12T10:23:38Z" finished-at="2019-12-12T10:23:38Z">
          <reporter-output>
          </reporter-output>
        </test-method> <!-- setUp -->
        <test-method status="PASS" signature="ProductSearchDESite()[pri:0, instance:productSearch.ProductSearchDE@63440df3]" name="ProductSearchDESite" duration-ms="20937" started-at="2019-12-12T10:23:38Z" finished-at="2019-12-12T10:23:59Z">
          <reporter-output>
          </reporter-output>
        </test-method> <!-- ProductSearchDESite -->
        <test-method status="PASS" signature="getResult(org.testng.ITestResult)[pri:0, instance:productSearch.ProductSearchDE@63440df3]" name="getResult" is-config="true" duration-ms="15" started-at="2019-12-12T10:23:59Z" finished-at="2019-12-12T10:23:59Z">
          <params>
            <param index="0">
              <value>
                <![CDATA[[TestResult name=ProductSearchDESite status=SUCCESS method=ProductSearchDE.ProductSearchDESite()[pri:0, instance:productSearch.ProductSearchDE@63440df3] output={null}]]]>
              </value>
            </param>
          </params>
          <reporter-output>
          </reporter-output>
        </test-method> <!-- getResult -->
        <test-method status="PASS" signature="tearDown()[pri:0, instance:productSearch.ProductSearchDE@63440df3]" name="tearDown" is-config="true" duration-ms="733" started-at="2019-12-12T10:23:59Z" finished-at="2019-12-12T10:24:00Z">
          <reporter-output>
          </reporter-output>
        </test-method> <!-- tearDown -->
      </class> <!-- productSearch.ProductSearchDE -->
    </test> <!-- Default test -->
  </suite> <!-- Default suite -->
</testng-results>
