<?xml version="1.0" encoding="UTF-8"?>
<testng-results skipped="0" failed="0" ignored="0" total="1" passed="1">
  <reporter-output>
  </reporter-output>
  <suite name="Default suite" duration-ms="1132494" started-at="2018-11-30T11:05:57Z" finished-at="2018-11-30T11:24:50Z">
    <groups>
    </groups>
    <test name="Default test" duration-ms="1132494" started-at="2018-11-30T11:05:57Z" finished-at="2018-11-30T11:24:50Z">
      <class name="goliveChecks.CheckLinks">
        <test-method status="PASS" signature="LinksVerify()[pri:0, instance:goliveChecks.CheckLinks@45820e51]" name="LinksVerify" duration-ms="1132457" started-at="2018-11-30T11:05:57Z" finished-at="2018-11-30T11:24:50Z">
          <reporter-output>
          </reporter-output>
        </test-method> <!-- LinksVerify -->
      </class> <!-- goliveChecks.CheckLinks -->
    </test> <!-- Default test -->
  </suite> <!-- Default suite -->
</testng-results>
